
Showing logs for build [32mmeta-cb-kubecd-environment-pr-4-d2c7j-1[0m stage [32mmeta-pipeline[0m and container [32mstep-credential-initializer-5flzb[0m
{"level":"warn","ts":1568206364.7351754,"logger":"fallback-logger","caller":"logging/config.go:69","msg":"Fetch GitHub commit ID from kodata failed: \"ref: refs/heads/master\" is not a valid GitHub commit ID"}
{"level":"info","ts":1568206364.7357407,"logger":"fallback-logger","caller":"creds-init/main.go:40","msg":"Credentials initialized."}

Showing logs for build [32mmeta-cb-kubecd-environment-pr-4-d2c7j-1[0m stage [32mmeta-pipeline[0m and container [32mstep-working-dir-initializer-5xfnt[0m
{"level":"warn","ts":1568206365.6147032,"logger":"fallback-logger","caller":"logging/config.go:69","msg":"Fetch GitHub commit ID from kodata failed: open /var/run/ko/HEAD: no such file or directory"}
{"level":"info","ts":1568206365.6162138,"logger":"fallback-logger","caller":"bash/main.go:65","msg":"Successfully executed command \"mkdir -p /workspace/source\""}

Showing logs for build [32mmeta-cb-kubecd-environment-pr-4-d2c7j-1[0m stage [32mmeta-pipeline[0m and container [32mstep-place-tools[0m

Showing logs for build [32mmeta-cb-kubecd-environment-pr-4-d2c7j-1[0m stage [32mmeta-pipeline[0m and container [32mstep-git-source-meta-cb-kubecd-environment-pr-4-r278f[0m
{"level":"warn","ts":1568206371.7742605,"logger":"fallback-logger","caller":"logging/config.go:69","msg":"Fetch GitHub commit ID from kodata failed: \"ref: refs/heads/master\" is not a valid GitHub commit ID"}
{"level":"info","ts":1568206372.895644,"logger":"fallback-logger","caller":"git/git.go:102","msg":"Successfully cloned https://github.com/cb-kubecd/environment-pr-491-22-ng-gkebdd-staging.git @ ada2ce42fd75a3904c3edb2a5eddcff0a84d69ff in path /workspace/source"}

Showing logs for build [32mmeta-cb-kubecd-environment-pr-4-d2c7j-1[0m stage [32mmeta-pipeline[0m and container [32mstep-git-merge[0m
Using SHAs from PULL_REFS=master:ada2ce42fd75a3904c3edb2a5eddcff0a84d69ff
WARNING: no SHAs to merge, falling back to initial cloned commit

Showing logs for build [32mmeta-cb-kubecd-environment-pr-4-d2c7j-1[0m stage [32mmeta-pipeline[0m and container [32mstep-merge-pull-refs[0m
SKIP merge-pull-refs: Nothing to merge

Showing logs for build [32mmeta-cb-kubecd-environment-pr-4-d2c7j-1[0m stage [32mmeta-pipeline[0m and container [32mstep-create-effective-pipeline[0m
Deleting and cloning the Jenkins X versions repo
Cloning the Jenkins X versions repo https://github.com/jenkins-x/jenkins-x-versions.git with revision 77e33c0b063d44bc60f5133ec9809fb3fb3d9b6a to /builder/home/.**/jenkins-x-versions
From https://github.com/jenkins-x/jenkins-x-versions
 * branch            77e33c0b063d44bc60f5133ec9809fb3fb3d9b6a -> FETCH_HEAD
selected pack: /builder/home/.**/draft/packs/github.com/jenkins-x-buildpacks/jenkins-x-kubernetes/packs/environment
Effective pipeline written to jenkins-x-promotion-effective.yml

Showing logs for build [32mmeta-cb-kubecd-environment-pr-4-d2c7j-1[0m stage [32mmeta-pipeline[0m and container [32mstep-create-tekton-crds[0m
Deleting and cloning the Jenkins X versions repo
Cloning the Jenkins X versions repo https://github.com/jenkins-x/jenkins-x-versions.git with revision 77e33c0b063d44bc60f5133ec9809fb3fb3d9b6a to /builder/home/.**/jenkins-x-versions
From https://github.com/jenkins-x/jenkins-x-versions
 * branch            77e33c0b063d44bc60f5133ec9809fb3fb3d9b6a -> FETCH_HEAD
running command: ** step next-version --use-git-tag-only --tag
created new version: 0.0.1 and written to file: ./VERSION
Tag v0.0.1 created and pushed to remote origin

PipelineActivity for cb-kubecd-environment-pr-491-22-ng-gkebdd-staging-master-1
Applying changes 
upserted PipelineResource cb-kubecd-environment-pr-491-22 for the git repository https://github.com/cb-kubecd/environment-pr-491-22-ng-gkebdd-staging.git
upserted Task cb-kubecd-environment-pr-491-22-q62xx-from-build-pack-1
upserted Pipeline cb-kubecd-environment-pr-491-22-q62xx-1
created PipelineRun cb-kubecd-environment-pr-491-22-q62xx-1
created PipelineStructure cb-kubecd-environment-pr-491-22-q62xx-1

Showing logs for build [32mmeta-cb-kubecd-environment-pr-4-d2c7j-1[0m stage [32mfrom-build-pack[0m and container [32mstep-credential-initializer-9k6c4[0m
{"level":"warn","ts":1568206390.0646129,"logger":"fallback-logger","caller":"logging/config.go:69","msg":"Fetch GitHub commit ID from kodata failed: \"ref: refs/heads/master\" is not a valid GitHub commit ID"}
{"level":"info","ts":1568206390.0696392,"logger":"fallback-logger","caller":"creds-init/main.go:40","msg":"Credentials initialized."}

Showing logs for build [32mmeta-cb-kubecd-environment-pr-4-d2c7j-1[0m stage [32mfrom-build-pack[0m and container [32mstep-working-dir-initializer-bhvbg[0m
{"level":"warn","ts":1568206391.132184,"logger":"fallback-logger","caller":"logging/config.go:69","msg":"Fetch GitHub commit ID from kodata failed: open /var/run/ko/HEAD: no such file or directory"}
{"level":"info","ts":1568206391.1344614,"logger":"fallback-logger","caller":"bash/main.go:65","msg":"Successfully executed command \"mkdir -p /workspace/source /workspace/source/env\""}

Showing logs for build [32mmeta-cb-kubecd-environment-pr-4-d2c7j-1[0m stage [32mfrom-build-pack[0m and container [32mstep-place-tools[0m

waiting for stage [32mfrom-build-pack[0m : container [32mstep-git-source-cb-kubecd-environment-pr-491-22-f6bq9[0m to start...


Showing logs for build [32mmeta-cb-kubecd-environment-pr-4-d2c7j-1[0m stage [32mfrom-build-pack[0m and container [32mstep-git-source-cb-kubecd-environment-pr-491-22-f6bq9[0m
{"level":"warn","ts":1568206397.2880926,"logger":"fallback-logger","caller":"logging/config.go:69","msg":"Fetch GitHub commit ID from kodata failed: \"ref: refs/heads/master\" is not a valid GitHub commit ID"}
{"level":"info","ts":1568206398.3802373,"logger":"fallback-logger","caller":"git/git.go:102","msg":"Successfully cloned https://github.com/cb-kubecd/environment-pr-491-22-ng-gkebdd-staging.git @ v0.0.1 in path /workspace/source"}

waiting for stage [32mfrom-build-pack[0m : container [32mstep-git-merge[0m to start...


Showing logs for build [32mmeta-cb-kubecd-environment-pr-4-d2c7j-1[0m stage [32mfrom-build-pack[0m and container [32mstep-git-merge[0m
Using SHAs from PULL_REFS=master:ada2ce42fd75a3904c3edb2a5eddcff0a84d69ff
WARNING: no SHAs to merge, falling back to initial cloned commit

waiting for stage [32mfrom-build-pack[0m : container [32mstep-setup-jx-git-credentials[0m to start...


Showing logs for build [32mmeta-cb-kubecd-environment-pr-4-d2c7j-1[0m stage [32mfrom-build-pack[0m and container [32mstep-setup-jx-git-credentials[0m
Generated Git credentials file /builder/home/git/credentials

waiting for stage [32mfrom-build-pack[0m : container [32mstep-build-helm-apply[0m to start...


Showing logs for build [32mmeta-cb-kubecd-environment-pr-4-d2c7j-1[0m stage [32mfrom-build-pack[0m and container [32mstep-build-helm-apply[0m
Modified file /workspace/source/env/Chart.yaml to set the chart to version 1
Namespace **-staging created 
Copying the helm source directory /workspace/source/env to a temporary location for building and applying /tmp/**-helm-apply-046584004/env
Applying helm chart at /tmp/**-helm-apply-046584004/env as release name ** to namespace **-staging
Fetching secrets from vault into directory "/tmp/**-helm-apply-046584004/env"
Saved secrets file /tmp/**-helm-apply-046584004/env/secrets.yaml
Saved secrets file /tmp/**-helm-apply-046584004/env/templates/**-install-config-secret.yaml
adding secret file /tmp/**-helm-apply-046584004/env/secrets.yaml
adding secret file /tmp/**-helm-apply-046584004/env/templates/**-install-config-secret.yaml
verifying the helm requirements versions in dir: . using version stream URL:  and git ref: 
Deleting and cloning the Jenkins X versions repo
Cloning the Jenkins X versions repo https://github.com/jenkins-x/jenkins-x-versions.git with revision 77e33c0b063d44bc60f5133ec9809fb3fb3d9b6a to /builder/home/.**/jenkins-x-versions
From https://github.com/jenkins-x/jenkins-x-versions
 * branch            77e33c0b063d44bc60f5133ec9809fb3fb3d9b6a -> FETCH_HEAD
Ignoring templates/.gitignore
Ignoring templates/**-install-config-secret.yaml
Wrote chart values.yaml /tmp/**-helm-apply-046584004/env/values.yaml generated from directory tree
generated helm /tmp/**-helm-apply-046584004/env/values.yaml

PipelineSecrets: {}
cleanup:
  Annotations:
    helm.sh/hook: pre-delete
    helm.sh/hook-delete-policy: hook-succeeded
  Args:
  - --cleanup
controllerbuild:
  enabled: true
controllerworkflow:
  enabled: false
docker-registry:
  enabled: false
dockerRegistry: gcr.io
expose:
  Annotations:
    helm.sh/hook: post-install,post-upgrade
    helm.sh/hook-delete-policy: hook-succeeded
  Args:
  - --v
  - 4
  config:
    domain: 35.241.186.44.nip.io
    exposer: Ingress
    http: "true"
jenkins:
  Servers:
    Global:
      EnvVars:
        TILLER_NAMESPACE: kube-system
  enabled: false
prow: {}

Using values files: /tmp/**-helm-apply-046584004/env/values.yaml, /tmp/**-helm-apply-046584004/env/secrets.yaml, /tmp/**-helm-apply-046584004/env/templates/**-install-config-secret.yaml
WARNING: No $CHART_REPOSITORY defined so using the default value of: http://jenkins-x-chartmuseum:8080
Adding missing Helm repo: storage.googleapis.com https://storage.googleapis.com/chartmuseum.jenkins-x.io
Read credentials for https://storage.googleapis.com/chartmuseum.jenkins-x.io from vault helm/repos
Successfully added Helm repository storage.googleapis.com.
Adding missing Helm repo: jenkins-x-chartmuseum http://jenkins-x-chartmuseum:8080
Read credentials for http://jenkins-x-chartmuseum:8080 from vault helm/repos
Successfully added Helm repository jenkins-x-chartmuseum.
WARNING: No $CHART_REPOSITORY defined so using the default value of: http://jenkins-x-chartmuseum:8080
Adding missing Helm repo: chartmuseum.jenkins-x.io http://chartmuseum.jenkins-x.io
Read credentials for http://chartmuseum.jenkins-x.io from vault helm/repos
Successfully added Helm repository chartmuseum.jenkins-x.io.
Applying Apps chart overrides
Applying chart overrides
Deleting and cloning the Jenkins X versions repo
Cloning the Jenkins X versions repo https://github.com/jenkins-x/jenkins-x-versions.git with revision 77e33c0b063d44bc60f5133ec9809fb3fb3d9b6a to /builder/home/.**/jenkins-x-versions
From https://github.com/jenkins-x/jenkins-x-versions
 * branch            77e33c0b063d44bc60f5133ec9809fb3fb3d9b6a -> FETCH_HEAD


