
Showing logs for build [32mcb-kubecd-environment-pr-491-22-1[0m stage [32mmeta-pipeline[0m and container [32mstep-credential-initializer-ktqck[0m
{"level":"warn","ts":1568206318.047152,"logger":"fallback-logger","caller":"logging/config.go:69","msg":"Fetch GitHub commit ID from kodata failed: \"ref: refs/heads/master\" is not a valid GitHub commit ID"}
{"level":"info","ts":1568206318.048143,"logger":"fallback-logger","caller":"creds-init/main.go:40","msg":"Credentials initialized."}

Showing logs for build [32mcb-kubecd-environment-pr-491-22-1[0m stage [32mmeta-pipeline[0m and container [32mstep-working-dir-initializer-ntv6w[0m
{"level":"warn","ts":1568206319.1183612,"logger":"fallback-logger","caller":"logging/config.go:69","msg":"Fetch GitHub commit ID from kodata failed: open /var/run/ko/HEAD: no such file or directory"}
{"level":"info","ts":1568206319.1197653,"logger":"fallback-logger","caller":"bash/main.go:65","msg":"Successfully executed command \"mkdir -p /workspace/source\""}

Showing logs for build [32mcb-kubecd-environment-pr-491-22-1[0m stage [32mmeta-pipeline[0m and container [32mstep-place-tools[0m

Showing logs for build [32mcb-kubecd-environment-pr-491-22-1[0m stage [32mmeta-pipeline[0m and container [32mstep-git-source-meta-cb-kubecd-environment-pr-4-t98kz[0m
{"level":"warn","ts":1568206324.1864307,"logger":"fallback-logger","caller":"logging/config.go:69","msg":"Fetch GitHub commit ID from kodata failed: \"ref: refs/heads/master\" is not a valid GitHub commit ID"}
{"level":"info","ts":1568206325.2716038,"logger":"fallback-logger","caller":"git/git.go:102","msg":"Successfully cloned https://github.com/cb-kubecd/environment-pr-491-22-ng-gkebdd-staging.git @ 5539355d9ffd3cc3c4a0101104501d1c2380e10b in path /workspace/source"}

Showing logs for build [32mcb-kubecd-environment-pr-491-22-1[0m stage [32mmeta-pipeline[0m and container [32mstep-git-merge[0m
Using SHAs from PULL_REFS=master:5539355d9ffd3cc3c4a0101104501d1c2380e10b,1:7595f167bb6348df9c1d4891d50d6dcffb9516a6
DEBUG: ran git fetch --unshallow origin 7595f167bb6348df9c1d4891d50d6dcffb9516a6: 5539355d9ffd3cc3c4a0101104501d1c2380e10b: in 
DEBUG: ran git checkout master in 
DEBUG: ran git reset --hard 5539355d9ffd3cc3c4a0101104501d1c2380e10b in 
DEBUG: ran clean --force -d . in 
DEBUG: ran git merge 7595f167bb6348df9c1d4891d50d6dcffb9516a6 in 
Merged SHA 7595f167bb6348df9c1d4891d50d6dcffb9516a6 with commit message 'chore: Promote bdd-spring-1568206082 to version 0.0.1' into base branch master

Showing logs for build [32mcb-kubecd-environment-pr-491-22-1[0m stage [32mmeta-pipeline[0m and container [32mstep-merge-pull-refs[0m
DEBUG: ran git fetch origin 7595f167bb6348df9c1d4891d50d6dcffb9516a6: 5539355d9ffd3cc3c4a0101104501d1c2380e10b: in 
DEBUG: Unshallowed git repo in 
DEBUG: ran git checkout master in 
DEBUG: ran git reset --hard 5539355d9ffd3cc3c4a0101104501d1c2380e10b in 
DEBUG: ran clean --force -d . in 
DEBUG: ran git merge 7595f167bb6348df9c1d4891d50d6dcffb9516a6 in 
Merged SHA 7595f167bb6348df9c1d4891d50d6dcffb9516a6 with commit message 'chore: Promote bdd-spring-1568206082 to version 0.0.1' into base branch master

Showing logs for build [32mcb-kubecd-environment-pr-491-22-1[0m stage [32mmeta-pipeline[0m and container [32mstep-create-effective-pipeline[0m
Deleting and cloning the Jenkins X versions repo
Cloning the Jenkins X versions repo https://github.com/jenkins-x/jenkins-x-versions.git with revision 77e33c0b063d44bc60f5133ec9809fb3fb3d9b6a to /builder/home/.**/jenkins-x-versions
From https://github.com/jenkins-x/jenkins-x-versions
 * branch            77e33c0b063d44bc60f5133ec9809fb3fb3d9b6a -> FETCH_HEAD
selected pack: /builder/home/.**/draft/packs/github.com/jenkins-x-buildpacks/jenkins-x-kubernetes/packs/environment
Effective pipeline written to jenkins-x-promotion-build-effective.yml

Showing logs for build [32mcb-kubecd-environment-pr-491-22-1[0m stage [32mmeta-pipeline[0m and container [32mstep-create-tekton-crds[0m
Deleting and cloning the Jenkins X versions repo
Cloning the Jenkins X versions repo https://github.com/jenkins-x/jenkins-x-versions.git with revision 77e33c0b063d44bc60f5133ec9809fb3fb3d9b6a to /builder/home/.**/jenkins-x-versions
From https://github.com/jenkins-x/jenkins-x-versions
 * branch            77e33c0b063d44bc60f5133ec9809fb3fb3d9b6a -> FETCH_HEAD
PipelineActivity for cb-kubecd-environment-pr-491-22-ng-gkebdd-staging-PR-1-1
Applying changes 
upserted PipelineResource cb-kubecd-environment-pr-491-22 for the git repository https://github.com/cb-kubecd/environment-pr-491-22-ng-gkebdd-staging.git
upserted Task cb-kubecd-environment-pr-491-22-from-build-pack-1
upserted Pipeline cb-kubecd-environment-pr-491-22-1
created PipelineRun cb-kubecd-environment-pr-491-22-1
created PipelineStructure cb-kubecd-environment-pr-491-22-1

Showing logs for build [32mcb-kubecd-environment-pr-491-22-1[0m stage [32mfrom-build-pack[0m and container [32mstep-credential-initializer-qz57k[0m
{"level":"warn","ts":1568206340.327232,"logger":"fallback-logger","caller":"logging/config.go:69","msg":"Fetch GitHub commit ID from kodata failed: \"ref: refs/heads/master\" is not a valid GitHub commit ID"}
{"level":"info","ts":1568206340.3282046,"logger":"fallback-logger","caller":"creds-init/main.go:40","msg":"Credentials initialized."}

Showing logs for build [32mcb-kubecd-environment-pr-491-22-1[0m stage [32mfrom-build-pack[0m and container [32mstep-working-dir-initializer-nlb8p[0m
{"level":"warn","ts":1568206341.9243653,"logger":"fallback-logger","caller":"logging/config.go:69","msg":"Fetch GitHub commit ID from kodata failed: open /var/run/ko/HEAD: no such file or directory"}
{"level":"info","ts":1568206341.926669,"logger":"fallback-logger","caller":"bash/main.go:65","msg":"Successfully executed command \"mkdir -p /workspace/source /workspace/source/env\""}

Showing logs for build [32mcb-kubecd-environment-pr-491-22-1[0m stage [32mfrom-build-pack[0m and container [32mstep-place-tools[0m

Showing logs for build [32mcb-kubecd-environment-pr-491-22-1[0m stage [32mfrom-build-pack[0m and container [32mstep-git-source-cb-kubecd-environment-pr-491-22-lt262[0m
{"level":"warn","ts":1568206347.0267832,"logger":"fallback-logger","caller":"logging/config.go:69","msg":"Fetch GitHub commit ID from kodata failed: \"ref: refs/heads/master\" is not a valid GitHub commit ID"}
{"level":"info","ts":1568206348.1533616,"logger":"fallback-logger","caller":"git/git.go:102","msg":"Successfully cloned https://github.com/cb-kubecd/environment-pr-491-22-ng-gkebdd-staging.git @ master in path /workspace/source"}

Showing logs for build [32mcb-kubecd-environment-pr-491-22-1[0m stage [32mfrom-build-pack[0m and container [32mstep-git-merge[0m
Using SHAs from PULL_REFS=master:5539355d9ffd3cc3c4a0101104501d1c2380e10b,1:7595f167bb6348df9c1d4891d50d6dcffb9516a6
DEBUG: ran git fetch --unshallow origin 7595f167bb6348df9c1d4891d50d6dcffb9516a6: 5539355d9ffd3cc3c4a0101104501d1c2380e10b: in 
DEBUG: ran git checkout master in 
DEBUG: ran git reset --hard 5539355d9ffd3cc3c4a0101104501d1c2380e10b in 
DEBUG: ran clean --force -d . in 
DEBUG: ran git merge 7595f167bb6348df9c1d4891d50d6dcffb9516a6 in 
Merged SHA 7595f167bb6348df9c1d4891d50d6dcffb9516a6 with commit message 'chore: Promote bdd-spring-1568206082 to version 0.0.1' into base branch master

Showing logs for build [32mcb-kubecd-environment-pr-491-22-1[0m stage [32mfrom-build-pack[0m and container [32mstep-build-helm-build[0m
WARNING: No $CHART_REPOSITORY defined so using the default value of: http://jenkins-x-chartmuseum:8080
Adding missing Helm repo: storage.googleapis.com https://storage.googleapis.com/chartmuseum.jenkins-x.io
Read credentials for https://storage.googleapis.com/chartmuseum.jenkins-x.io from vault helm/repos
Successfully added Helm repository storage.googleapis.com.
Adding missing Helm repo: jenkins-x-chartmuseum http://jenkins-x-chartmuseum:8080
Read credentials for http://jenkins-x-chartmuseum:8080 from vault helm/repos
Successfully added Helm repository jenkins-x-chartmuseum.
WARNING: No $CHART_REPOSITORY defined so using the default value of: http://jenkins-x-chartmuseum:8080
Adding missing Helm repo: chartmuseum.jenkins-x.io http://chartmuseum.jenkins-x.io
Read credentials for http://chartmuseum.jenkins-x.io from vault helm/repos
Successfully added Helm repository chartmuseum.jenkins-x.io.
